<?xml version="1.0" encoding="UTF-8"?>
<!-- Generated by org.testng.reporters.JUnitXMLReporter -->
<testsuite ignored="0" hostname="LAPTOP-PLNO5R2G" failures="0" tests="9" name="TutorialsNinjaSkeletonTest" time="46.49" errors="0" timestamp="2023-06-30T12:28:38 PDT">
  <testcase classname="com.ninja.testCases.Ninja_Landing" name="presenceOfQAFoxLink" time="0.095"/>
  <testcase classname="com.ninja.testCases.Ninja_Login" name="loginWithValidCredentials" time="0.923"/>
  <testcase classname="com.ninja.testCases.Ninja_Login" name="loginWithValidCredentials" time="0.92"/>
  <testcase classname="com.ninja.testCases.Ninja_Login" name="loginWithValidCredentials" time="0.879"/>
  <testcase classname="com.ninja.testCases.Ninja_Login" name="loginWithValidCredentials" time="0.886"/>
  <testcase classname="com.ninja.testCases.Ninja_Login" name="loginWithValidCredentials" time="1.097"/>
  <testcase classname="com.ninja.testCases.Ninja_Login" name="loginWithValidCredentials" time="0.894"/>
  <testcase classname="com.ninja.testCases.Ninja_Login" name="loginWithValidCredentials" time="0.887"/>
  <testcase classname="com.ninja.testCases.Ninja_Login" name="loginWithValidCredentials" time="0.857"/>
</testsuite> <!-- TutorialsNinjaSkeletonTest -->
