<?xml version="1.0" encoding="UTF-8"?>
<!-- Generated by org.testng.reporters.JUnitXMLReporter -->
<testsuite ignored="0" hostname="LAPTOP-PLNO5R2G" failures="0" tests="8" name="Default test" time="43.157" errors="0" timestamp="2023-06-30T11:58:15 PDT">
  <testcase classname="com.ninja.testCases.Ninja_Login" name="loginWithValidCredentials" time="0.906"/>
  <testcase classname="com.ninja.testCases.Ninja_Login" name="loginWithValidCredentials" time="0.932"/>
  <testcase classname="com.ninja.testCases.Ninja_Login" name="loginWithValidCredentials" time="0.888"/>
  <testcase classname="com.ninja.testCases.Ninja_Login" name="loginWithValidCredentials" time="0.857"/>
  <testcase classname="com.ninja.testCases.Ninja_Login" name="loginWithValidCredentials" time="1.115"/>
  <testcase classname="com.ninja.testCases.Ninja_Login" name="loginWithValidCredentials" time="0.853"/>
  <testcase classname="com.ninja.testCases.Ninja_Login" name="loginWithValidCredentials" time="0.879"/>
  <testcase classname="com.ninja.testCases.Ninja_Login" name="loginWithValidCredentials" time="0.889"/>
</testsuite> <!-- Default test -->
