<?xml version="1.0" encoding="UTF-8"?>
<!-- Generated by org.testng.reporters.JUnitXMLReporter -->
<testsuite ignored="0" hostname="LAPTOP-PLNO5R2G" failures="0" tests="9" name="TutorialsNinjaSkeletonTest" time="65.974" errors="0" timestamp="2023-06-30T12:32:50 PDT">
  <testcase classname="com.ninja.testCases.Ninja_Landing" name="presenceOfQAFoxLink" time="0.079"/>
  <testcase classname="com.ninja.testCases.Ninja_Login" name="loginWithValidCredentials" time="0.873"/>
  <testcase classname="com.ninja.testCases.Ninja_Login" name="loginWithValidCredentials" time="0.901"/>
  <testcase classname="com.ninja.testCases.Ninja_Login" name="loginWithValidCredentials" time="0.963"/>
  <testcase classname="com.ninja.testCases.Ninja_Login" name="loginWithValidCredentials" time="0.917"/>
  <testcase classname="com.ninja.testCases.Ninja_Login" name="loginWithValidCredentials" time="1.116"/>
  <testcase classname="com.ninja.testCases.Ninja_Login" name="loginWithValidCredentials" time="0.929"/>
  <testcase classname="com.ninja.testCases.Ninja_Login" name="loginWithValidCredentials" time="0.873"/>
  <testcase classname="com.ninja.testCases.Ninja_Login" name="loginWithValidCredentials" time="0.883"/>
</testsuite> <!-- TutorialsNinjaSkeletonTest -->
